  Building Custom Rule C:/Users/v-yank/Desktop/temp/protobuf/cmake/CMakeLists.txt
  CMake does not need to re-run because C:\Users\v-yank\Desktop\temp\protobuf\cmake\builder\CMakeFiles\generate.stamp is up-to-date.
  arena.cc
  arenastring.cc
  extension_set.cc
  generated_message_util.cc
  coded_stream.cc
  zero_copy_stream.cc
  zero_copy_stream_impl_lite.cc
  message_lite.cc
  repeated_field.cc
  atomicops_internals_x86_gcc.cc
  atomicops_internals_x86_msvc.cc
  bytestream.cc
  common.cc
  int128.cc
  once.cc
  status.cc
  statusor.cc
  stringpiece.cc
  stringprintf.cc
  structurally_valid.cc
  strutil.cc
  time.cc
  wire_format_lite.cc
  any.cc
  any.pb.cc
  api.pb.cc
  importer.cc
  parser.cc
  descriptor.cc
  descriptor.pb.cc
  descriptor_database.cc
  duration.pb.cc
  dynamic_message.cc
  empty.pb.cc
  extension_set_heavy.cc
  field_mask.pb.cc
  generated_message_reflection.cc
  gzip_stream.cc
  printer.cc
  strtod.cc
  tokenizer.cc
  zero_copy_stream_impl.cc
  map_field.cc
  message.cc
C:\Users\v-yank\Desktop\temp\protobuf\src\google\protobuf\generated_message_reflection.cc(1996): warning C4065: switch statement contains 'default' but no 'case' labels
  reflection_ops.cc
  service.cc
C:\Users\v-yank\Desktop\temp\protobuf\src\google\protobuf\generated_message_reflection.cc(2276): warning C4506: no definition for inline function 'google::protobuf::Arena *google::protobuf::internal::GenericTypeHandler<google::protobuf::Message>::GetArena(GenericType *)'
          with
          [
              GenericType=google::protobuf::Message
          ]
C:\Users\v-yank\Desktop\temp\protobuf\src\google\protobuf\generated_message_reflection.cc(2276): warning C4506: no definition for inline function 'void *google::protobuf::internal::GenericTypeHandler<google::protobuf::Message>::GetMaybeArenaPointer(GenericType *)'
          with
          [
              GenericType=google::protobuf::Message
          ]
  source_context.pb.cc
  struct.pb.cc
  mathlimits.cc
  substitute.cc
C:\Users\v-yank\Desktop\temp\protobuf\src\google\protobuf\map_field.cc(467): warning C4506: no definition for inline function 'google::protobuf::Arena *google::protobuf::internal::GenericTypeHandler<google::protobuf::Message>::GetArena(GenericType *)'
          with
          [
              GenericType=google::protobuf::Message
          ]
C:\Users\v-yank\Desktop\temp\protobuf\src\google\protobuf\map_field.cc(467): warning C4506: no definition for inline function 'void *google::protobuf::internal::GenericTypeHandler<google::protobuf::Message>::GetMaybeArenaPointer(GenericType *)'
          with
          [
              GenericType=google::protobuf::Message
          ]
  text_format.cc
  timestamp.pb.cc
  type.pb.cc
  unknown_field_set.cc
  field_comparator.cc
  field_mask_util.cc
  datapiece.cc
  default_value_objectwriter.cc
  error_listener.cc
  field_mask_utility.cc
  json_escaping.cc
  json_objectwriter.cc
  json_stream_parser.cc
  object_writer.cc
  proto_writer.cc
  protostream_objectsource.cc
  protostream_objectwriter.cc
  type_info.cc
  type_info_test_helper.cc
  utility.cc
  json_util.cc
  message_differencer.cc
  time_util.cc
  type_resolver_util.cc
  wire_format.cc
  wrappers.pb.cc
error_listener.obj : warning LNK4221: This object file does not define any previously undefined public symbols, so it will not be used by any link operation that consumes this library
atomicops_internals_x86_gcc.obj : warning LNK4221: This object file does not define any previously undefined public symbols, so it will not be used by any link operation that consumes this library
  libprotobuf.vcxproj -> C:\Users\v-yank\Desktop\temp\protobuf\cmake\builder\Debug\libprotobufd.lib
